[2026-07-01 13.56.56] [INFO] 📋 Loaded 2 user preferences
[2026-07-01 13.56.56] [INFO] 🔋 Wake/Sleep state loaded: 🟢 AWAKE
[2026-07-01 13.56.56] [INFO] 🧠 Loaded 5 learned patterns
[2026-07-01 13.56.56] [INFO] ⚠️ Loaded 1 warnings
[2026-07-01 13.56.56] [INFO] ⚙️ Server settings loaded (1 guild)
[2026-07-01 13.56.58] [OK] 🤖 AI Bot is online! [JARVIS MODE]
[2026-07-01 13.56.58] [INFO]    Logged in as: Chisato#9696
[2026-07-01 13.56.58] [INFO]    Servers: 3
[2026-07-01 13.56.58] [INFO]    Commands: 8 (slash) + prefix (!) + @mention
[2026-07-01 13.56.58] [INFO] 🔊 VoiceMaster active for guild "CyberJo26's server" (hub: 1521770031174651975)
[2026-07-01 13.56.58] [INFO] ⏰ Loaded 1 voice/text reminders from SQLite storage
[2026-07-01 13.56.58] [INFO] 📦 Backup completed for 5 data files
[2026-07-01 13.57.21] [INFO] 📋 Loaded 2 user preferences
[2026-07-01 13.57.21] [INFO] 🔋 Wake/Sleep state loaded: 🟢 AWAKE
[2026-07-01 13.57.21] [INFO] 🧠 Loaded 5 learned patterns
[2026-07-01 13.57.21] [INFO] ⚠️ Loaded 1 warnings
[2026-07-01 13.57.21] [INFO] ⚙️ Server settings loaded (1 guild)
[2026-07-01 13.57.23] [OK] 🤖 AI Bot is online! [JARVIS MODE]
[2026-07-01 13.57.23] [INFO]    Logged in as: Chisato#9696
[2026-07-01 13.57.23] [INFO]    Servers: 3
[2026-07-01 13.57.23] [INFO]    Commands: 8 (slash) + prefix (!) + @mention
[2026-07-01 13.57.23] [INFO] 🔊 VoiceMaster active for guild "CyberJo26's server" (hub: 1521770031174651975)
[2026-07-01 13.57.23] [INFO] ⏰ Loaded 1 voice/text reminders from SQLite storage
[2026-07-01 13.57.24] [INFO] 📦 Backup completed for 5 data files
[2026-07-01 14.00.32] [INFO] 📋 Loaded 2 user preferences
[2026-07-01 14.00.32] [INFO] 🔋 Wake/Sleep state loaded: 🟢 AWAKE
[2026-07-01 14.00.32] [INFO] 🧠 Loaded 5 learned patterns
[2026-07-01 14.00.32] [INFO] ⚠️ Loaded 1 warnings
[2026-07-01 14.00.32] [INFO] ⚙️ Server settings loaded (1 guild)
[2026-07-01 14.00.34] [OK] 🤖 AI Bot is online! [JARVIS MODE]
[2026-07-01 14.00.34] [INFO]    Logged in as: Chisato#9696
[2026-07-01 14.00.34] [INFO]    Servers: 3
[2026-07-01 14.00.34] [INFO]    Commands: 8 (slash) + prefix (!) + @mention
[2026-07-01 14.00.34] [INFO] 🔊 VoiceMaster active for guild "CyberJo26's server" (hub: 1521770031174651975)
[2026-07-01 14.00.34] [INFO] ⏰ Loaded 1 voice/text reminders from SQLite storage
[2026-07-01 14.00.34] [INFO] 📦 Backup completed for 5 data files
[2026-07-01 14.01.05] [INFO] 📋 Loaded 2 user preferences
[2026-07-01 14.01.05] [INFO] 🔋 Wake/Sleep state loaded: 🟢 AWAKE
[2026-07-01 14.01.05] [INFO] 🧠 Loaded 5 learned patterns
[2026-07-01 14.01.05] [INFO] ⚠️ Loaded 1 warnings
[2026-07-01 14.01.05] [INFO] ⚙️ Server settings loaded (1 guild)
[2026-07-01 14.01.07] [OK] 🤖 AI Bot is online! [JARVIS MODE]
[2026-07-01 14.01.07] [INFO]    Logged in as: Chisato#9696
[2026-07-01 14.01.07] [INFO]    Servers: 3
[2026-07-01 14.01.07] [INFO]    Commands: 8 (slash) + prefix (!) + @mention
[2026-07-01 14.01.07] [INFO] 🔊 VoiceMaster active for guild "CyberJo26's server" (hub: 1521770031174651975)
[2026-07-01 14.01.07] [INFO] ⏰ Loaded 1 voice/text reminders from SQLite storage
[2026-07-01 14.01.07] [INFO] 📦 Backup completed for 5 data files
[2026-07-01 14.01.49] [INFO] ⚙️ Server settings file created
[2026-07-01 14.01.51] [OK] 🤖 AI Bot is online! [JARVIS MODE]
[2026-07-01 14.01.51] [INFO]    Logged in as: Chisato#9696
[2026-07-01 14.01.51] [INFO]    Servers: 3
[2026-07-01 14.01.51] [INFO]    Commands: 8 (slash) + prefix (!) + @mention
[2026-07-01 14.01.51] [INFO] ⏰ Loaded 1 voice/text reminders from SQLite storage
[2026-07-01 14.01.51] [INFO] 📦 Backup completed for 2 data files
